09:32:13| finished reading file
09:32:14| Wicket Systri Warrick
09:32:15| Padmé Amidala
09:32:16| Ki-Adi-Mundi
09:32:17| Wedge Antilles
09:32:18| Shaak Ti
09:32:19| Leia Organa
09:32:20| R5-D4
09:32:21| Grievous
09:32:22| Kit Fisto
09:32:23| R2-D2
09:32:24| Sly Moore
09:32:25| Poggle the Lesser
09:32:26| Ayla Secura
09:32:27| Adi Gallia
09:32:28| Mace Windu
09:32:29| Saesee Tiin
09:32:30| Tarfful
09:32:31| R4-P17
09:32:32| Eeth Koth
09:32:33| Darth Vader
09:32:34| Palpatine
09:32:35| Wat Tambor
09:32:36| Luke Skywalker
09:32:37| Tion Medon
09:32:38| Wilhuff Tarkin
09:32:39| Dooku
09:32:40| Luminara Unduli
09:32:41| Chewbacca
09:32:42| Raymus Antilles
09:32:43| Beru Whitesun lars
09:32:44| Yoda
09:32:45| Owen Lars
09:32:46| C-3PO
09:32:47| Anakin Skywalker
09:32:48| Nute Gunray
09:32:49| Plo Koon
09:32:50| Bail Prestor Organa
09:32:51| Obi-Wan Kenobi
09:32:51| Time to process all URLS = 38.36805350
