09:30:02| finished reading file
09:30:03| Wicket Systri Warrick
09:30:04| Padmé Amidala
09:30:05| Ki-Adi-Mundi
09:30:06| Wedge Antilles
09:30:07| Shaak Ti
09:30:08| Leia Organa
09:30:09| R5-D4
09:30:10| Grievous
09:30:11| Kit Fisto
09:30:12| R2-D2
09:30:13| Sly Moore
09:30:14| Poggle the Lesser
09:30:15| Ayla Secura
09:30:16| Adi Gallia
09:30:17| Mace Windu
09:30:18| Saesee Tiin
09:30:19| Tarfful
09:30:20| R4-P17
09:30:22| Eeth Koth
09:30:23| Darth Vader
09:30:24| Palpatine
09:30:25| Wat Tambor
09:30:26| Luke Skywalker
09:30:27| Tion Medon
09:30:28| Wilhuff Tarkin
09:30:29| Dooku
09:30:30| Luminara Unduli
09:30:31| Chewbacca
09:30:32| Raymus Antilles
09:30:33| Beru Whitesun lars
09:30:34| Yoda
09:30:35| Owen Lars
09:30:36| C-3PO
09:30:37| Anakin Skywalker
09:30:38| Nute Gunray
09:30:39| Plo Koon
09:30:40| Bail Prestor Organa
09:30:41| Obi-Wan Kenobi
09:30:41| Time to process all URLS = 38.39343510
