19:28:28| 0 cars have been created. = 1.67899460
19:28:28| Factories      : 1
19:28:28| Dealerships    : 1
19:28:28| Run Time       : 1.6790
19:28:28| Max queue size : 0
19:28:28| Factory Stats  : Made = 0 @ []
19:28:28| Dealer Stats   : Sold = 0 @ [0]
19:28:28| 
19:28:30| 0 cars have been created. = 1.90182000
19:28:30| Factories      : 1
19:28:30| Dealerships    : 2
19:28:30| Run Time       : 1.9018
19:28:30| Max queue size : 0
19:28:30| Factory Stats  : Made = 0 @ []
19:28:30| Dealer Stats   : Sold = 0 @ [0, 0]
19:28:30| 
19:28:32| 0 cars have been created. = 2.28345870
19:28:32| Factories      : 2
19:28:32| Dealerships    : 1
19:28:32| Run Time       : 2.2835
19:28:32| Max queue size : 0
19:28:32| Factory Stats  : Made = 0 @ []
19:28:32| Dealer Stats   : Sold = 0 @ [0]
19:28:32| 
19:28:35| 0 cars have been created. = 2.68578860
19:28:35| Factories      : 2
19:28:35| Dealerships    : 2
19:28:35| Run Time       : 2.6858
19:28:35| Max queue size : 0
19:28:35| Factory Stats  : Made = 0 @ []
19:28:35| Dealer Stats   : Sold = 0 @ [0, 0]
19:28:35| 
19:28:38| 0 cars have been created. = 3.82714920
19:28:38| Factories      : 2
19:28:38| Dealerships    : 5
19:28:38| Run Time       : 3.8271
19:28:38| Max queue size : 0
19:28:38| Factory Stats  : Made = 0 @ []
19:28:38| Dealer Stats   : Sold = 0 @ [0, 0, 0, 0, 0]
19:28:38| 
19:28:43| 0 cars have been created. = 4.28983170
19:28:43| Factories      : 5
19:28:43| Dealerships    : 2
19:28:43| Run Time       : 4.2898
19:28:43| Max queue size : 0
19:28:43| Factory Stats  : Made = 0 @ []
19:28:43| Dealer Stats   : Sold = 0 @ [0, 0]
19:28:43| 
19:28:55| 0 cars have been created. = 11.85951890
19:28:55| Factories      : 10
19:28:55| Dealerships    : 10
19:28:55| Run Time       : 11.8595
19:28:55| Max queue size : 0
19:28:55| Factory Stats  : Made = 0 @ []
19:28:55| Dealer Stats   : Sold = 0 @ [0, 0, 0, 0, 0, 0, 0, 0, 0, 0]
19:28:55| 
